<?xml version="1.0" encoding="UTF-8"?>
<testng-results skipped="0" failed="0" ignored="0" total="1" passed="1">
  <reporter-output>
  </reporter-output>
  <suite name="Default suite" duration-ms="16753" started-at="2020-01-06T11:22:48Z" finished-at="2020-01-06T11:23:05Z">
    <groups>
    </groups>
    <test name="Default test" duration-ms="16753" started-at="2020-01-06T11:22:48Z" finished-at="2020-01-06T11:23:05Z">
      <class name="com.testautomation.JG_LoginTest">
        <test-method status="PASS" signature="beforeSuite()[pri:0, instance:com.testautomation.JG_LoginTest@548ad73b]" name="beforeSuite" is-config="true" duration-ms="13941" started-at="2020-01-06T11:22:34Z" finished-at="2020-01-06T11:22:48Z">
          <reporter-output>
          </reporter-output>
        </test-method> <!-- beforeSuite -->
        <test-method status="PASS" signature="launchURI()[pri:0, instance:com.testautomation.JG_LoginTest@548ad73b]" name="launchURI" duration-ms="16721" started-at="2020-01-06T11:22:48Z" finished-at="2020-01-06T11:23:05Z">
          <reporter-output>
          </reporter-output>
        </test-method> <!-- launchURI -->
      </class> <!-- com.testautomation.JG_LoginTest -->
    </test> <!-- Default test -->
  </suite> <!-- Default suite -->
</testng-results>
